16:56:22 INFO  : Launching XSDB server: xsdb -n /opt/Xilinx/SDK/2015.4/scripts/xsdb/xsdb/xsdb-server.tcl
16:56:39 INFO  : XSDB server has started successfully.
16:56:40 INFO  : Processing command line option -hwspec /nfs/home/sasl/eleves/ei-se/3300195/eise4_CoDesign/TP/first_zynq_design/first_zynq_design.sdk/first_zynq_system_wrapper.hdf.
17:15:18 INFO  : Connected to target on host '127.0.0.1' and port '3121'.
17:15:18 INFO  : 'targets -set -filter {jtag_cable_name =~ "Digilent Zed 210248585732" && level==0} -index 1' command is executed.
17:15:21 INFO  : FPGA configured successfully with bitstream "/nfs/home/sasl/eleves/ei-se/3300195/eise4_CoDesign/TP/first_zynq_design/first_zynq_design.sdk/first_zynq_system_wrapper_hw_platform_0/first_zynq_system_wrapper.bit"
17:16:07 INFO  : 'targets -set -filter {jtag_cable_name =~ "Digilent Zed 210248585732" && level==0} -index 1' command is executed.
17:16:07 INFO  : 'fpga -state' command is executed.
17:16:07 INFO  : Connected to target on host '127.0.0.1' and port '3121'.
17:16:08 INFO  : Sourcing of '/nfs/home/sasl/eleves/ei-se/3300195/eise4_CoDesign/TP/first_zynq_design/first_zynq_design.sdk/first_zynq_system_wrapper_hw_platform_0/ps7_init.tcl' is done.
17:16:08 INFO  : 'targets -set -filter {name =~"APU" && jtag_cable_name =~ "Digilent Zed 210248585732"} -index 0' command is executed.
17:16:08 INFO  : Hardware design information is loaded from '/nfs/home/sasl/eleves/ei-se/3300195/eise4_CoDesign/TP/first_zynq_design/first_zynq_design.sdk/first_zynq_system_wrapper_hw_platform_0/system.hdf'.
17:16:08 INFO  : 'targets -set -filter {name =~"APU" && jtag_cable_name =~ "Digilent Zed 210248585732"} -index 0' command is executed.
17:16:08 INFO  : 'stop' command is executed.
17:16:09 INFO  : 'ps7_init' command is executed.
17:16:09 INFO  : 'ps7_post_config' command is executed.
17:16:09 INFO  : 'con' command is executed.
17:16:09 INFO  : Context for processor 'ps7_cortexa9_0' is selected.
17:16:09 INFO  : Processor reset is completed for 'ps7_cortexa9_0'.
17:16:10 INFO  : Context for processor 'ps7_cortexa9_0' is selected.
17:16:10 INFO  : The application '/nfs/home/sasl/eleves/ei-se/3300195/eise4_CoDesign/TP/first_zynq_design/first_zynq_design.sdk/LED_test/Debug/LED_test.elf' is downloaded to processor 'ps7_cortexa9_0'.
17:16:10 INFO  : ----------------XSDB Script----------------
connect -url tcp:127.0.0.1:3121
source /nfs/home/sasl/eleves/ei-se/3300195/eise4_CoDesign/TP/first_zynq_design/first_zynq_design.sdk/first_zynq_system_wrapper_hw_platform_0/ps7_init.tcl
targets -set -filter {name =~"APU" && jtag_cable_name =~ "Digilent Zed 210248585732"} -index 0
loadhw /nfs/home/sasl/eleves/ei-se/3300195/eise4_CoDesign/TP/first_zynq_design/first_zynq_design.sdk/first_zynq_system_wrapper_hw_platform_0/system.hdf
targets -set -filter {name =~"APU" && jtag_cable_name =~ "Digilent Zed 210248585732"} -index 0
stop
ps7_init
ps7_post_config
con
targets -set -nocase -filter {name =~ "ARM*#0" && jtag_cable_name =~ "Digilent Zed 210248585732"} -index 0
rst -processor
targets -set -nocase -filter {name =~ "ARM*#0" && jtag_cable_name =~ "Digilent Zed 210248585732"} -index 0
dow /nfs/home/sasl/eleves/ei-se/3300195/eise4_CoDesign/TP/first_zynq_design/first_zynq_design.sdk/LED_test/Debug/LED_test.elf
----------------End of Script----------------

17:16:10 INFO  : Memory regions updated for context APU
17:16:10 INFO  : Context for processor 'ps7_cortexa9_0' is selected.
17:16:10 INFO  : 'con' command is executed.
17:16:10 INFO  : ----------------XSDB Script (After Launch)----------------
targets -set -nocase -filter {name =~ "ARM*#0" && jtag_cable_name =~ "Digilent Zed 210248585732"} -index 0
con
----------------End of Script----------------

17:24:10 INFO  : Disconnected from the channel tcfchan#1.
17:24:11 INFO  : 'targets -set -filter {jtag_cable_name =~ "Digilent Zed 210248585732" && level==0} -index 1' command is executed.
17:24:11 INFO  : 'fpga -state' command is executed.
17:24:11 INFO  : Connected to target on host '127.0.0.1' and port '3121'.
17:24:11 INFO  : Sourcing of '/nfs/home/sasl/eleves/ei-se/3300195/eise4_CoDesign/TP/first_zynq_design/first_zynq_design.sdk/first_zynq_system_wrapper_hw_platform_0/ps7_init.tcl' is done.
17:24:11 INFO  : 'targets -set -filter {name =~"APU" && jtag_cable_name =~ "Digilent Zed 210248585732"} -index 0' command is executed.
17:24:11 INFO  : Hardware design information is loaded from '/nfs/home/sasl/eleves/ei-se/3300195/eise4_CoDesign/TP/first_zynq_design/first_zynq_design.sdk/first_zynq_system_wrapper_hw_platform_0/system.hdf'.
17:24:12 INFO  : 'targets -set -filter {name =~"APU" && jtag_cable_name =~ "Digilent Zed 210248585732"} -index 0' command is executed.
17:24:12 INFO  : 'stop' command is executed.
17:24:13 INFO  : 'ps7_init' command is executed.
17:24:13 INFO  : 'ps7_post_config' command is executed.
17:24:13 INFO  : 'con' command is executed.
17:24:13 INFO  : Context for processor 'ps7_cortexa9_0' is selected.
17:24:13 INFO  : Processor reset is completed for 'ps7_cortexa9_0'.
17:24:14 INFO  : Context for processor 'ps7_cortexa9_0' is selected.
17:24:14 INFO  : The application '/nfs/home/sasl/eleves/ei-se/3300195/eise4_CoDesign/TP/first_zynq_design/first_zynq_design.sdk/LED_test/Debug/LED_test.elf' is downloaded to processor 'ps7_cortexa9_0'.
17:24:14 INFO  : ----------------XSDB Script----------------
connect -url tcp:127.0.0.1:3121
source /nfs/home/sasl/eleves/ei-se/3300195/eise4_CoDesign/TP/first_zynq_design/first_zynq_design.sdk/first_zynq_system_wrapper_hw_platform_0/ps7_init.tcl
targets -set -filter {name =~"APU" && jtag_cable_name =~ "Digilent Zed 210248585732"} -index 0
loadhw /nfs/home/sasl/eleves/ei-se/3300195/eise4_CoDesign/TP/first_zynq_design/first_zynq_design.sdk/first_zynq_system_wrapper_hw_platform_0/system.hdf
targets -set -filter {name =~"APU" && jtag_cable_name =~ "Digilent Zed 210248585732"} -index 0
stop
ps7_init
ps7_post_config
con
targets -set -nocase -filter {name =~ "ARM*#0" && jtag_cable_name =~ "Digilent Zed 210248585732"} -index 0
rst -processor
targets -set -nocase -filter {name =~ "ARM*#0" && jtag_cable_name =~ "Digilent Zed 210248585732"} -index 0
dow /nfs/home/sasl/eleves/ei-se/3300195/eise4_CoDesign/TP/first_zynq_design/first_zynq_design.sdk/LED_test/Debug/LED_test.elf
----------------End of Script----------------

17:24:14 INFO  : Memory regions updated for context APU
17:24:14 INFO  : Context for processor 'ps7_cortexa9_0' is selected.
17:24:14 INFO  : 'con' command is executed.
17:24:14 INFO  : ----------------XSDB Script (After Launch)----------------
targets -set -nocase -filter {name =~ "ARM*#0" && jtag_cable_name =~ "Digilent Zed 210248585732"} -index 0
con
----------------End of Script----------------

17:29:10 INFO  : Disconnected from the channel tcfchan#2.
17:29:11 INFO  : 'targets -set -filter {jtag_cable_name =~ "Digilent Zed 210248585732" && level==0} -index 1' command is executed.
17:29:11 INFO  : 'fpga -state' command is executed.
17:29:11 INFO  : Connected to target on host '127.0.0.1' and port '3121'.
17:29:11 INFO  : Sourcing of '/nfs/home/sasl/eleves/ei-se/3300195/eise4_CoDesign/TP/first_zynq_design/first_zynq_design.sdk/first_zynq_system_wrapper_hw_platform_0/ps7_init.tcl' is done.
17:29:11 INFO  : 'targets -set -filter {name =~"APU" && jtag_cable_name =~ "Digilent Zed 210248585732"} -index 0' command is executed.
17:29:11 INFO  : Hardware design information is loaded from '/nfs/home/sasl/eleves/ei-se/3300195/eise4_CoDesign/TP/first_zynq_design/first_zynq_design.sdk/first_zynq_system_wrapper_hw_platform_0/system.hdf'.
17:29:12 INFO  : 'targets -set -filter {name =~"APU" && jtag_cable_name =~ "Digilent Zed 210248585732"} -index 0' command is executed.
17:29:12 INFO  : 'stop' command is executed.
17:29:13 INFO  : 'ps7_init' command is executed.
17:29:13 INFO  : 'ps7_post_config' command is executed.
17:29:13 INFO  : 'con' command is executed.
17:29:13 INFO  : Context for processor 'ps7_cortexa9_0' is selected.
17:29:13 INFO  : Processor reset is completed for 'ps7_cortexa9_0'.
17:29:14 INFO  : Context for processor 'ps7_cortexa9_0' is selected.
17:29:14 INFO  : The application '/nfs/home/sasl/eleves/ei-se/3300195/eise4_CoDesign/TP/first_zynq_design/first_zynq_design.sdk/LED_test/Debug/LED_test.elf' is downloaded to processor 'ps7_cortexa9_0'.
17:29:14 INFO  : ----------------XSDB Script----------------
connect -url tcp:127.0.0.1:3121
source /nfs/home/sasl/eleves/ei-se/3300195/eise4_CoDesign/TP/first_zynq_design/first_zynq_design.sdk/first_zynq_system_wrapper_hw_platform_0/ps7_init.tcl
targets -set -filter {name =~"APU" && jtag_cable_name =~ "Digilent Zed 210248585732"} -index 0
loadhw /nfs/home/sasl/eleves/ei-se/3300195/eise4_CoDesign/TP/first_zynq_design/first_zynq_design.sdk/first_zynq_system_wrapper_hw_platform_0/system.hdf
targets -set -filter {name =~"APU" && jtag_cable_name =~ "Digilent Zed 210248585732"} -index 0
stop
ps7_init
ps7_post_config
con
targets -set -nocase -filter {name =~ "ARM*#0" && jtag_cable_name =~ "Digilent Zed 210248585732"} -index 0
rst -processor
targets -set -nocase -filter {name =~ "ARM*#0" && jtag_cable_name =~ "Digilent Zed 210248585732"} -index 0
dow /nfs/home/sasl/eleves/ei-se/3300195/eise4_CoDesign/TP/first_zynq_design/first_zynq_design.sdk/LED_test/Debug/LED_test.elf
----------------End of Script----------------

17:29:14 INFO  : Memory regions updated for context APU
17:29:14 INFO  : Context for processor 'ps7_cortexa9_0' is selected.
17:29:14 INFO  : 'con' command is executed.
17:29:14 INFO  : ----------------XSDB Script (After Launch)----------------
targets -set -nocase -filter {name =~ "ARM*#0" && jtag_cable_name =~ "Digilent Zed 210248585732"} -index 0
con
----------------End of Script----------------

17:30:10 INFO  : Disconnected from the channel tcfchan#3.
17:30:10 INFO  : 'targets -set -filter {jtag_cable_name =~ "Digilent Zed 210248585732" && level==0} -index 1' command is executed.
17:30:10 INFO  : 'fpga -state' command is executed.
17:30:10 INFO  : Connected to target on host '127.0.0.1' and port '3121'.
17:30:11 INFO  : Sourcing of '/nfs/home/sasl/eleves/ei-se/3300195/eise4_CoDesign/TP/first_zynq_design/first_zynq_design.sdk/first_zynq_system_wrapper_hw_platform_0/ps7_init.tcl' is done.
17:30:11 INFO  : 'targets -set -filter {name =~"APU" && jtag_cable_name =~ "Digilent Zed 210248585732"} -index 0' command is executed.
17:30:11 INFO  : Hardware design information is loaded from '/nfs/home/sasl/eleves/ei-se/3300195/eise4_CoDesign/TP/first_zynq_design/first_zynq_design.sdk/first_zynq_system_wrapper_hw_platform_0/system.hdf'.
17:30:11 INFO  : 'targets -set -filter {name =~"APU" && jtag_cable_name =~ "Digilent Zed 210248585732"} -index 0' command is executed.
17:30:11 INFO  : 'stop' command is executed.
17:30:12 INFO  : 'ps7_init' command is executed.
17:30:12 INFO  : 'ps7_post_config' command is executed.
17:30:12 INFO  : 'con' command is executed.
17:30:13 INFO  : Context for processor 'ps7_cortexa9_0' is selected.
17:30:13 INFO  : Processor reset is completed for 'ps7_cortexa9_0'.
17:30:13 INFO  : Context for processor 'ps7_cortexa9_0' is selected.
17:30:13 INFO  : The application '/nfs/home/sasl/eleves/ei-se/3300195/eise4_CoDesign/TP/first_zynq_design/first_zynq_design.sdk/LED_test/Debug/LED_test.elf' is downloaded to processor 'ps7_cortexa9_0'.
17:30:13 INFO  : ----------------XSDB Script----------------
connect -url tcp:127.0.0.1:3121
source /nfs/home/sasl/eleves/ei-se/3300195/eise4_CoDesign/TP/first_zynq_design/first_zynq_design.sdk/first_zynq_system_wrapper_hw_platform_0/ps7_init.tcl
targets -set -filter {name =~"APU" && jtag_cable_name =~ "Digilent Zed 210248585732"} -index 0
loadhw /nfs/home/sasl/eleves/ei-se/3300195/eise4_CoDesign/TP/first_zynq_design/first_zynq_design.sdk/first_zynq_system_wrapper_hw_platform_0/system.hdf
targets -set -filter {name =~"APU" && jtag_cable_name =~ "Digilent Zed 210248585732"} -index 0
stop
ps7_init
ps7_post_config
con
targets -set -nocase -filter {name =~ "ARM*#0" && jtag_cable_name =~ "Digilent Zed 210248585732"} -index 0
rst -processor
targets -set -nocase -filter {name =~ "ARM*#0" && jtag_cable_name =~ "Digilent Zed 210248585732"} -index 0
dow /nfs/home/sasl/eleves/ei-se/3300195/eise4_CoDesign/TP/first_zynq_design/first_zynq_design.sdk/LED_test/Debug/LED_test.elf
----------------End of Script----------------

17:30:13 INFO  : Memory regions updated for context APU
17:30:13 INFO  : Context for processor 'ps7_cortexa9_0' is selected.
17:30:13 INFO  : 'con' command is executed.
17:30:13 INFO  : ----------------XSDB Script (After Launch)----------------
targets -set -nocase -filter {name =~ "ARM*#0" && jtag_cable_name =~ "Digilent Zed 210248585732"} -index 0
con
----------------End of Script----------------

17:30:42 INFO  : Disconnected from the channel tcfchan#4.
17:30:42 INFO  : 'targets -set -filter {jtag_cable_name =~ "Digilent Zed 210248585732" && level==0} -index 1' command is executed.
17:30:42 INFO  : 'fpga -state' command is executed.
17:30:43 INFO  : Connected to target on host '127.0.0.1' and port '3121'.
17:30:43 INFO  : Sourcing of '/nfs/home/sasl/eleves/ei-se/3300195/eise4_CoDesign/TP/first_zynq_design/first_zynq_design.sdk/first_zynq_system_wrapper_hw_platform_0/ps7_init.tcl' is done.
17:30:43 INFO  : 'targets -set -filter {name =~"APU" && jtag_cable_name =~ "Digilent Zed 210248585732"} -index 0' command is executed.
17:30:43 INFO  : Hardware design information is loaded from '/nfs/home/sasl/eleves/ei-se/3300195/eise4_CoDesign/TP/first_zynq_design/first_zynq_design.sdk/first_zynq_system_wrapper_hw_platform_0/system.hdf'.
17:30:43 INFO  : 'targets -set -filter {name =~"APU" && jtag_cable_name =~ "Digilent Zed 210248585732"} -index 0' command is executed.
17:30:44 INFO  : 'stop' command is executed.
17:30:44 INFO  : 'ps7_init' command is executed.
17:30:44 INFO  : 'ps7_post_config' command is executed.
17:30:45 INFO  : 'con' command is executed.
17:30:45 INFO  : Context for processor 'ps7_cortexa9_0' is selected.
17:30:45 INFO  : Processor reset is completed for 'ps7_cortexa9_0'.
17:30:45 INFO  : Context for processor 'ps7_cortexa9_0' is selected.
17:30:45 INFO  : The application '/nfs/home/sasl/eleves/ei-se/3300195/eise4_CoDesign/TP/first_zynq_design/first_zynq_design.sdk/LED_test/Debug/LED_test.elf' is downloaded to processor 'ps7_cortexa9_0'.
17:30:45 INFO  : ----------------XSDB Script----------------
connect -url tcp:127.0.0.1:3121
source /nfs/home/sasl/eleves/ei-se/3300195/eise4_CoDesign/TP/first_zynq_design/first_zynq_design.sdk/first_zynq_system_wrapper_hw_platform_0/ps7_init.tcl
targets -set -filter {name =~"APU" && jtag_cable_name =~ "Digilent Zed 210248585732"} -index 0
loadhw /nfs/home/sasl/eleves/ei-se/3300195/eise4_CoDesign/TP/first_zynq_design/first_zynq_design.sdk/first_zynq_system_wrapper_hw_platform_0/system.hdf
targets -set -filter {name =~"APU" && jtag_cable_name =~ "Digilent Zed 210248585732"} -index 0
stop
ps7_init
ps7_post_config
con
targets -set -nocase -filter {name =~ "ARM*#0" && jtag_cable_name =~ "Digilent Zed 210248585732"} -index 0
rst -processor
targets -set -nocase -filter {name =~ "ARM*#0" && jtag_cable_name =~ "Digilent Zed 210248585732"} -index 0
dow /nfs/home/sasl/eleves/ei-se/3300195/eise4_CoDesign/TP/first_zynq_design/first_zynq_design.sdk/LED_test/Debug/LED_test.elf
----------------End of Script----------------

17:30:45 INFO  : Memory regions updated for context APU
17:30:46 INFO  : Context for processor 'ps7_cortexa9_0' is selected.
17:30:46 INFO  : 'con' command is executed.
17:30:46 INFO  : ----------------XSDB Script (After Launch)----------------
targets -set -nocase -filter {name =~ "ARM*#0" && jtag_cable_name =~ "Digilent Zed 210248585732"} -index 0
con
----------------End of Script----------------

17:31:15 INFO  : Disconnected from the channel tcfchan#5.
17:31:15 INFO  : 'targets -set -filter {jtag_cable_name =~ "Digilent Zed 210248585732" && level==0} -index 1' command is executed.
17:31:15 INFO  : 'fpga -state' command is executed.
17:31:15 INFO  : Connected to target on host '127.0.0.1' and port '3121'.
17:31:15 INFO  : Sourcing of '/nfs/home/sasl/eleves/ei-se/3300195/eise4_CoDesign/TP/first_zynq_design/first_zynq_design.sdk/first_zynq_system_wrapper_hw_platform_0/ps7_init.tcl' is done.
17:31:16 INFO  : 'targets -set -filter {name =~"APU" && jtag_cable_name =~ "Digilent Zed 210248585732"} -index 0' command is executed.
17:31:16 INFO  : Hardware design information is loaded from '/nfs/home/sasl/eleves/ei-se/3300195/eise4_CoDesign/TP/first_zynq_design/first_zynq_design.sdk/first_zynq_system_wrapper_hw_platform_0/system.hdf'.
17:31:16 INFO  : 'targets -set -filter {name =~"APU" && jtag_cable_name =~ "Digilent Zed 210248585732"} -index 0' command is executed.
17:31:16 INFO  : 'stop' command is executed.
17:31:17 INFO  : 'ps7_init' command is executed.
17:31:17 INFO  : 'ps7_post_config' command is executed.
17:31:17 INFO  : 'con' command is executed.
17:31:17 INFO  : Context for processor 'ps7_cortexa9_0' is selected.
17:31:17 INFO  : Processor reset is completed for 'ps7_cortexa9_0'.
17:31:18 INFO  : Context for processor 'ps7_cortexa9_0' is selected.
17:31:18 INFO  : The application '/nfs/home/sasl/eleves/ei-se/3300195/eise4_CoDesign/TP/first_zynq_design/first_zynq_design.sdk/LED_test/Debug/LED_test.elf' is downloaded to processor 'ps7_cortexa9_0'.
17:31:18 INFO  : ----------------XSDB Script----------------
connect -url tcp:127.0.0.1:3121
source /nfs/home/sasl/eleves/ei-se/3300195/eise4_CoDesign/TP/first_zynq_design/first_zynq_design.sdk/first_zynq_system_wrapper_hw_platform_0/ps7_init.tcl
targets -set -filter {name =~"APU" && jtag_cable_name =~ "Digilent Zed 210248585732"} -index 0
loadhw /nfs/home/sasl/eleves/ei-se/3300195/eise4_CoDesign/TP/first_zynq_design/first_zynq_design.sdk/first_zynq_system_wrapper_hw_platform_0/system.hdf
targets -set -filter {name =~"APU" && jtag_cable_name =~ "Digilent Zed 210248585732"} -index 0
stop
ps7_init
ps7_post_config
con
targets -set -nocase -filter {name =~ "ARM*#0" && jtag_cable_name =~ "Digilent Zed 210248585732"} -index 0
rst -processor
targets -set -nocase -filter {name =~ "ARM*#0" && jtag_cable_name =~ "Digilent Zed 210248585732"} -index 0
dow /nfs/home/sasl/eleves/ei-se/3300195/eise4_CoDesign/TP/first_zynq_design/first_zynq_design.sdk/LED_test/Debug/LED_test.elf
----------------End of Script----------------

17:31:18 INFO  : Memory regions updated for context APU
17:31:18 INFO  : Context for processor 'ps7_cortexa9_0' is selected.
17:31:18 INFO  : 'con' command is executed.
17:31:18 INFO  : ----------------XSDB Script (After Launch)----------------
targets -set -nocase -filter {name =~ "ARM*#0" && jtag_cable_name =~ "Digilent Zed 210248585732"} -index 0
con
----------------End of Script----------------

17:31:42 INFO  : Disconnected from the channel tcfchan#6.
17:31:42 INFO  : 'targets -set -filter {jtag_cable_name =~ "Digilent Zed 210248585732" && level==0} -index 1' command is executed.
17:31:42 INFO  : 'fpga -state' command is executed.
17:31:42 INFO  : Connected to target on host '127.0.0.1' and port '3121'.
17:31:43 INFO  : Sourcing of '/nfs/home/sasl/eleves/ei-se/3300195/eise4_CoDesign/TP/first_zynq_design/first_zynq_design.sdk/first_zynq_system_wrapper_hw_platform_0/ps7_init.tcl' is done.
17:31:43 INFO  : 'targets -set -filter {name =~"APU" && jtag_cable_name =~ "Digilent Zed 210248585732"} -index 0' command is executed.
17:31:43 INFO  : Hardware design information is loaded from '/nfs/home/sasl/eleves/ei-se/3300195/eise4_CoDesign/TP/first_zynq_design/first_zynq_design.sdk/first_zynq_system_wrapper_hw_platform_0/system.hdf'.
17:31:43 INFO  : 'targets -set -filter {name =~"APU" && jtag_cable_name =~ "Digilent Zed 210248585732"} -index 0' command is executed.
17:31:43 INFO  : 'stop' command is executed.
17:31:44 INFO  : 'ps7_init' command is executed.
17:31:44 INFO  : 'ps7_post_config' command is executed.
17:31:44 INFO  : 'con' command is executed.
17:31:45 INFO  : Context for processor 'ps7_cortexa9_0' is selected.
17:31:45 INFO  : Processor reset is completed for 'ps7_cortexa9_0'.
17:31:45 INFO  : Context for processor 'ps7_cortexa9_0' is selected.
17:31:45 INFO  : The application '/nfs/home/sasl/eleves/ei-se/3300195/eise4_CoDesign/TP/first_zynq_design/first_zynq_design.sdk/LED_test/Debug/LED_test.elf' is downloaded to processor 'ps7_cortexa9_0'.
17:31:45 INFO  : ----------------XSDB Script----------------
connect -url tcp:127.0.0.1:3121
source /nfs/home/sasl/eleves/ei-se/3300195/eise4_CoDesign/TP/first_zynq_design/first_zynq_design.sdk/first_zynq_system_wrapper_hw_platform_0/ps7_init.tcl
targets -set -filter {name =~"APU" && jtag_cable_name =~ "Digilent Zed 210248585732"} -index 0
loadhw /nfs/home/sasl/eleves/ei-se/3300195/eise4_CoDesign/TP/first_zynq_design/first_zynq_design.sdk/first_zynq_system_wrapper_hw_platform_0/system.hdf
targets -set -filter {name =~"APU" && jtag_cable_name =~ "Digilent Zed 210248585732"} -index 0
stop
ps7_init
ps7_post_config
con
targets -set -nocase -filter {name =~ "ARM*#0" && jtag_cable_name =~ "Digilent Zed 210248585732"} -index 0
rst -processor
targets -set -nocase -filter {name =~ "ARM*#0" && jtag_cable_name =~ "Digilent Zed 210248585732"} -index 0
dow /nfs/home/sasl/eleves/ei-se/3300195/eise4_CoDesign/TP/first_zynq_design/first_zynq_design.sdk/LED_test/Debug/LED_test.elf
----------------End of Script----------------

17:31:45 INFO  : Memory regions updated for context APU
17:31:45 INFO  : Context for processor 'ps7_cortexa9_0' is selected.
17:31:45 INFO  : 'con' command is executed.
17:31:45 INFO  : ----------------XSDB Script (After Launch)----------------
targets -set -nocase -filter {name =~ "ARM*#0" && jtag_cable_name =~ "Digilent Zed 210248585732"} -index 0
con
----------------End of Script----------------

17:32:14 INFO  : Disconnected from the channel tcfchan#7.
17:32:14 INFO  : 'targets -set -filter {jtag_cable_name =~ "Digilent Zed 210248585732" && level==0} -index 1' command is executed.
17:32:15 INFO  : 'fpga -state' command is executed.
17:32:15 INFO  : Connected to target on host '127.0.0.1' and port '3121'.
17:32:15 INFO  : Sourcing of '/nfs/home/sasl/eleves/ei-se/3300195/eise4_CoDesign/TP/first_zynq_design/first_zynq_design.sdk/first_zynq_system_wrapper_hw_platform_0/ps7_init.tcl' is done.
17:32:15 INFO  : 'targets -set -filter {name =~"APU" && jtag_cable_name =~ "Digilent Zed 210248585732"} -index 0' command is executed.
17:32:15 INFO  : Hardware design information is loaded from '/nfs/home/sasl/eleves/ei-se/3300195/eise4_CoDesign/TP/first_zynq_design/first_zynq_design.sdk/first_zynq_system_wrapper_hw_platform_0/system.hdf'.
17:32:16 INFO  : 'targets -set -filter {name =~"APU" && jtag_cable_name =~ "Digilent Zed 210248585732"} -index 0' command is executed.
17:32:16 INFO  : 'stop' command is executed.
17:32:17 INFO  : 'ps7_init' command is executed.
17:32:17 INFO  : 'ps7_post_config' command is executed.
17:32:17 INFO  : 'con' command is executed.
17:32:17 INFO  : Context for processor 'ps7_cortexa9_0' is selected.
17:32:17 INFO  : Processor reset is completed for 'ps7_cortexa9_0'.
17:32:17 INFO  : Context for processor 'ps7_cortexa9_0' is selected.
17:32:18 INFO  : The application '/nfs/home/sasl/eleves/ei-se/3300195/eise4_CoDesign/TP/first_zynq_design/first_zynq_design.sdk/LED_test/Debug/LED_test.elf' is downloaded to processor 'ps7_cortexa9_0'.
17:32:18 INFO  : ----------------XSDB Script----------------
connect -url tcp:127.0.0.1:3121
source /nfs/home/sasl/eleves/ei-se/3300195/eise4_CoDesign/TP/first_zynq_design/first_zynq_design.sdk/first_zynq_system_wrapper_hw_platform_0/ps7_init.tcl
targets -set -filter {name =~"APU" && jtag_cable_name =~ "Digilent Zed 210248585732"} -index 0
loadhw /nfs/home/sasl/eleves/ei-se/3300195/eise4_CoDesign/TP/first_zynq_design/first_zynq_design.sdk/first_zynq_system_wrapper_hw_platform_0/system.hdf
targets -set -filter {name =~"APU" && jtag_cable_name =~ "Digilent Zed 210248585732"} -index 0
stop
ps7_init
ps7_post_config
con
targets -set -nocase -filter {name =~ "ARM*#0" && jtag_cable_name =~ "Digilent Zed 210248585732"} -index 0
rst -processor
targets -set -nocase -filter {name =~ "ARM*#0" && jtag_cable_name =~ "Digilent Zed 210248585732"} -index 0
dow /nfs/home/sasl/eleves/ei-se/3300195/eise4_CoDesign/TP/first_zynq_design/first_zynq_design.sdk/LED_test/Debug/LED_test.elf
----------------End of Script----------------

17:32:18 INFO  : Memory regions updated for context APU
17:32:18 INFO  : Context for processor 'ps7_cortexa9_0' is selected.
17:32:18 INFO  : 'con' command is executed.
17:32:18 INFO  : ----------------XSDB Script (After Launch)----------------
targets -set -nocase -filter {name =~ "ARM*#0" && jtag_cable_name =~ "Digilent Zed 210248585732"} -index 0
con
----------------End of Script----------------

17:33:17 INFO  : Launching XSDB server: xsdb -n /opt/Xilinx/SDK/2015.4/scripts/xsdb/xsdb/xsdb-server.tcl
17:36:17 ERROR : Timed out. 180 seconds have elapsed while waiting for XSDB server to launch.
17:36:17 WARN  : Unexpected exception occurred.
java.lang.Exception: java.lang.Error: Channel is waiting for Hello message
	at org.eclipse.tcf.core.Command.<init>(Command.java:83)
	at com.xilinx.sdk.xsdb.XSDBCommandManager$8.<init>(XSDBCommandManager.java:384)
	at com.xilinx.sdk.xsdb.XSDBCommandManager.issueTcfCmd(XSDBCommandManager.java:384)
	at com.xilinx.sdk.xsdb.XSDBCommandManager.access$4(XSDBCommandManager.java:381)
	at com.xilinx.sdk.xsdb.XSDBCommandManager$7.run(XSDBCommandManager.java:376)
	at org.eclipse.tcf.EventQueue.run(EventQueue.java:95)
	at java.lang.Thread.run(Thread.java:745)
Caused by: java.lang.Error: Channel is waiting for Hello message
	at org.eclipse.tcf.core.AbstractChannel.sendCommand(AbstractChannel.java:874)
	at org.eclipse.tcf.core.Command.<init>(Command.java:79)
	... 6 more
