17:47:44 INFO  : Launching XSDB server: xsdb -n /opt/Xilinx/SDK/2015.4/scripts/xsdb/xsdb/xsdb-server.tcl
17:47:47 INFO  : XSDB server has started successfully.
17:47:47 INFO  : Processing command line option -hwspec /nfs/home/sasl/eleves/ei-se/3300195/eise4_CoDesign/TP/zynq_interrupts/zynq_interrupts.sdk/zynq_interrupt_system_wrapper.hdf.
17:52:43 INFO  : Connected to target on host '127.0.0.1' and port '3121'.
17:52:43 INFO  : 'targets -set -filter {jtag_cable_name =~ "Digilent Zed 210248585732" && level==0} -index 1' command is executed.
17:52:45 INFO  : FPGA configured successfully with bitstream "/nfs/home/sasl/eleves/ei-se/3300195/eise4_CoDesign/TP/zynq_interrupts/zynq_interrupts.sdk/zynq_interrupt_system_wrapper_hw_platform_0/zynq_interrupt_system_wrapper.bit"
17:53:07 INFO  : 'targets -set -filter {jtag_cable_name =~ "Digilent Zed 210248585732" && level==0} -index 1' command is executed.
17:53:07 INFO  : 'fpga -state' command is executed.
17:53:07 INFO  : Connected to target on host '127.0.0.1' and port '3121'.
17:53:08 INFO  : Sourcing of '/nfs/home/sasl/eleves/ei-se/3300195/eise4_CoDesign/TP/zynq_interrupts/zynq_interrupts.sdk/zynq_interrupt_system_wrapper_hw_platform_0/ps7_init.tcl' is done.
17:53:08 INFO  : 'targets -set -filter {name =~"APU" && jtag_cable_name =~ "Digilent Zed 210248585732"} -index 0' command is executed.
17:53:08 INFO  : Hardware design information is loaded from '/nfs/home/sasl/eleves/ei-se/3300195/eise4_CoDesign/TP/zynq_interrupts/zynq_interrupts.sdk/zynq_interrupt_system_wrapper_hw_platform_0/system.hdf'.
17:53:08 INFO  : 'targets -set -filter {name =~"APU" && jtag_cable_name =~ "Digilent Zed 210248585732"} -index 0' command is executed.
17:53:08 INFO  : 'stop' command is executed.
17:53:09 INFO  : 'ps7_init' command is executed.
17:53:09 INFO  : 'ps7_post_config' command is executed.
17:53:09 INFO  : 'con' command is executed.
17:53:10 INFO  : Context for processor 'ps7_cortexa9_0' is selected.
17:53:10 INFO  : Processor reset is completed for 'ps7_cortexa9_0'.
17:53:10 INFO  : Context for processor 'ps7_cortexa9_0' is selected.
17:53:10 INFO  : The application '/nfs/home/sasl/eleves/ei-se/3300195/eise4_CoDesign/TP/zynq_interrupts/zynq_interrupts.sdk/interrupt_counter/Debug/interrupt_counter.elf' is downloaded to processor 'ps7_cortexa9_0'.
17:53:10 INFO  : ----------------XSDB Script----------------
connect -url tcp:127.0.0.1:3121
source /nfs/home/sasl/eleves/ei-se/3300195/eise4_CoDesign/TP/zynq_interrupts/zynq_interrupts.sdk/zynq_interrupt_system_wrapper_hw_platform_0/ps7_init.tcl
targets -set -filter {name =~"APU" && jtag_cable_name =~ "Digilent Zed 210248585732"} -index 0
loadhw /nfs/home/sasl/eleves/ei-se/3300195/eise4_CoDesign/TP/zynq_interrupts/zynq_interrupts.sdk/zynq_interrupt_system_wrapper_hw_platform_0/system.hdf
targets -set -filter {name =~"APU" && jtag_cable_name =~ "Digilent Zed 210248585732"} -index 0
stop
ps7_init
ps7_post_config
con
targets -set -nocase -filter {name =~ "ARM*#0" && jtag_cable_name =~ "Digilent Zed 210248585732"} -index 0
rst -processor
targets -set -nocase -filter {name =~ "ARM*#0" && jtag_cable_name =~ "Digilent Zed 210248585732"} -index 0
dow /nfs/home/sasl/eleves/ei-se/3300195/eise4_CoDesign/TP/zynq_interrupts/zynq_interrupts.sdk/interrupt_counter/Debug/interrupt_counter.elf
----------------End of Script----------------

17:53:10 INFO  : Memory regions updated for context APU
17:53:10 INFO  : Context for processor 'ps7_cortexa9_0' is selected.
17:53:10 INFO  : 'con' command is executed.
17:53:10 INFO  : ----------------XSDB Script (After Launch)----------------
targets -set -nocase -filter {name =~ "ARM*#0" && jtag_cable_name =~ "Digilent Zed 210248585732"} -index 0
con
----------------End of Script----------------

17:57:15 INFO  : Connected to target on host '127.0.0.1' and port '3121'.
17:57:15 INFO  : 'targets -set -filter {jtag_cable_name =~ "Digilent Zed 210248585732" && level==0} -index 1' command is executed.
17:57:17 INFO  : FPGA configured successfully with bitstream "/nfs/home/sasl/eleves/ei-se/3300195/eise4_CoDesign/TP/zynq_interrupts/zynq_interrupts.sdk/zynq_interrupt_system_wrapper_hw_platform_0/zynq_interrupt_system_wrapper.bit"
17:57:21 INFO  : Disconnected from the channel tcfchan#1.
17:57:21 INFO  : 'targets -set -filter {jtag_cable_name =~ "Digilent Zed 210248585732" && level==0} -index 1' command is executed.
17:57:21 INFO  : 'fpga -state' command is executed.
17:57:22 INFO  : Connected to target on host '127.0.0.1' and port '3121'.
17:57:22 INFO  : Sourcing of '/nfs/home/sasl/eleves/ei-se/3300195/eise4_CoDesign/TP/zynq_interrupts/zynq_interrupts.sdk/zynq_interrupt_system_wrapper_hw_platform_0/ps7_init.tcl' is done.
17:57:22 INFO  : 'targets -set -filter {name =~"APU" && jtag_cable_name =~ "Digilent Zed 210248585732"} -index 0' command is executed.
17:57:22 INFO  : Hardware design information is loaded from '/nfs/home/sasl/eleves/ei-se/3300195/eise4_CoDesign/TP/zynq_interrupts/zynq_interrupts.sdk/zynq_interrupt_system_wrapper_hw_platform_0/system.hdf'.
17:57:22 INFO  : 'targets -set -filter {name =~"APU" && jtag_cable_name =~ "Digilent Zed 210248585732"} -index 0' command is executed.
17:57:23 INFO  : 'stop' command is executed.
17:57:23 INFO  : 'ps7_init' command is executed.
17:57:23 INFO  : 'ps7_post_config' command is executed.
17:57:23 INFO  : 'con' command is executed.
17:57:24 INFO  : Context for processor 'ps7_cortexa9_0' is selected.
17:57:24 INFO  : Processor reset is completed for 'ps7_cortexa9_0'.
17:57:24 INFO  : Context for processor 'ps7_cortexa9_0' is selected.
17:57:24 INFO  : The application '/nfs/home/sasl/eleves/ei-se/3300195/eise4_CoDesign/TP/zynq_interrupts/zynq_interrupts.sdk/interrupt_counter/Debug/interrupt_counter.elf' is downloaded to processor 'ps7_cortexa9_0'.
17:57:24 INFO  : ----------------XSDB Script----------------
connect -url tcp:127.0.0.1:3121
source /nfs/home/sasl/eleves/ei-se/3300195/eise4_CoDesign/TP/zynq_interrupts/zynq_interrupts.sdk/zynq_interrupt_system_wrapper_hw_platform_0/ps7_init.tcl
targets -set -filter {name =~"APU" && jtag_cable_name =~ "Digilent Zed 210248585732"} -index 0
loadhw /nfs/home/sasl/eleves/ei-se/3300195/eise4_CoDesign/TP/zynq_interrupts/zynq_interrupts.sdk/zynq_interrupt_system_wrapper_hw_platform_0/system.hdf
targets -set -filter {name =~"APU" && jtag_cable_name =~ "Digilent Zed 210248585732"} -index 0
stop
ps7_init
ps7_post_config
con
targets -set -nocase -filter {name =~ "ARM*#0" && jtag_cable_name =~ "Digilent Zed 210248585732"} -index 0
rst -processor
targets -set -nocase -filter {name =~ "ARM*#0" && jtag_cable_name =~ "Digilent Zed 210248585732"} -index 0
dow /nfs/home/sasl/eleves/ei-se/3300195/eise4_CoDesign/TP/zynq_interrupts/zynq_interrupts.sdk/interrupt_counter/Debug/interrupt_counter.elf
----------------End of Script----------------

17:57:24 INFO  : Memory regions updated for context APU
17:57:24 INFO  : Context for processor 'ps7_cortexa9_0' is selected.
17:57:24 INFO  : 'con' command is executed.
17:57:24 INFO  : ----------------XSDB Script (After Launch)----------------
targets -set -nocase -filter {name =~ "ARM*#0" && jtag_cable_name =~ "Digilent Zed 210248585732"} -index 0
con
----------------End of Script----------------

17:58:12 INFO  : Disconnected from the channel tcfchan#2.
17:58:13 INFO  : 'targets -set -filter {jtag_cable_name =~ "Digilent Zed 210248585732" && level==0} -index 1' command is executed.
17:58:13 INFO  : 'fpga -state' command is executed.
17:58:13 INFO  : Connected to target on host '127.0.0.1' and port '3121'.
17:58:13 INFO  : Sourcing of '/nfs/home/sasl/eleves/ei-se/3300195/eise4_CoDesign/TP/zynq_interrupts/zynq_interrupts.sdk/zynq_interrupt_system_wrapper_hw_platform_0/ps7_init.tcl' is done.
17:58:13 INFO  : 'targets -set -filter {name =~"APU" && jtag_cable_name =~ "Digilent Zed 210248585732"} -index 0' command is executed.
17:58:14 INFO  : Hardware design information is loaded from '/nfs/home/sasl/eleves/ei-se/3300195/eise4_CoDesign/TP/zynq_interrupts/zynq_interrupts.sdk/zynq_interrupt_system_wrapper_hw_platform_0/system.hdf'.
17:58:14 INFO  : 'targets -set -filter {name =~"APU" && jtag_cable_name =~ "Digilent Zed 210248585732"} -index 0' command is executed.
17:58:14 INFO  : 'stop' command is executed.
17:58:14 INFO  : 'ps7_init' command is executed.
17:58:15 INFO  : 'ps7_post_config' command is executed.
17:58:15 INFO  : 'con' command is executed.
17:58:15 INFO  : Context for processor 'ps7_cortexa9_0' is selected.
17:58:15 INFO  : Processor reset is completed for 'ps7_cortexa9_0'.
17:58:15 INFO  : Context for processor 'ps7_cortexa9_0' is selected.
17:58:15 INFO  : The application '/nfs/home/sasl/eleves/ei-se/3300195/eise4_CoDesign/TP/zynq_interrupts/zynq_interrupts.sdk/interrupt_counter/Debug/interrupt_counter.elf' is downloaded to processor 'ps7_cortexa9_0'.
17:58:15 INFO  : ----------------XSDB Script----------------
connect -url tcp:127.0.0.1:3121
source /nfs/home/sasl/eleves/ei-se/3300195/eise4_CoDesign/TP/zynq_interrupts/zynq_interrupts.sdk/zynq_interrupt_system_wrapper_hw_platform_0/ps7_init.tcl
targets -set -filter {name =~"APU" && jtag_cable_name =~ "Digilent Zed 210248585732"} -index 0
loadhw /nfs/home/sasl/eleves/ei-se/3300195/eise4_CoDesign/TP/zynq_interrupts/zynq_interrupts.sdk/zynq_interrupt_system_wrapper_hw_platform_0/system.hdf
targets -set -filter {name =~"APU" && jtag_cable_name =~ "Digilent Zed 210248585732"} -index 0
stop
ps7_init
ps7_post_config
con
targets -set -nocase -filter {name =~ "ARM*#0" && jtag_cable_name =~ "Digilent Zed 210248585732"} -index 0
rst -processor
targets -set -nocase -filter {name =~ "ARM*#0" && jtag_cable_name =~ "Digilent Zed 210248585732"} -index 0
dow /nfs/home/sasl/eleves/ei-se/3300195/eise4_CoDesign/TP/zynq_interrupts/zynq_interrupts.sdk/interrupt_counter/Debug/interrupt_counter.elf
----------------End of Script----------------

17:58:15 INFO  : Memory regions updated for context APU
17:58:16 INFO  : Context for processor 'ps7_cortexa9_0' is selected.
17:58:16 INFO  : 'con' command is executed.
17:58:16 INFO  : ----------------XSDB Script (After Launch)----------------
targets -set -nocase -filter {name =~ "ARM*#0" && jtag_cable_name =~ "Digilent Zed 210248585732"} -index 0
con
----------------End of Script----------------

17:58:51 INFO  : Disconnected from the channel tcfchan#3.
17:58:52 INFO  : 'targets -set -filter {jtag_cable_name =~ "Digilent Zed 210248585732" && level==0} -index 1' command is executed.
17:58:52 INFO  : 'fpga -state' command is executed.
17:58:52 INFO  : Connected to target on host '127.0.0.1' and port '3121'.
17:58:52 INFO  : Sourcing of '/nfs/home/sasl/eleves/ei-se/3300195/eise4_CoDesign/TP/zynq_interrupts/zynq_interrupts.sdk/zynq_interrupt_system_wrapper_hw_platform_0/ps7_init.tcl' is done.
17:58:52 INFO  : 'targets -set -filter {name =~"APU" && jtag_cable_name =~ "Digilent Zed 210248585732"} -index 0' command is executed.
17:58:52 INFO  : Hardware design information is loaded from '/nfs/home/sasl/eleves/ei-se/3300195/eise4_CoDesign/TP/zynq_interrupts/zynq_interrupts.sdk/zynq_interrupt_system_wrapper_hw_platform_0/system.hdf'.
17:58:53 INFO  : 'targets -set -filter {name =~"APU" && jtag_cable_name =~ "Digilent Zed 210248585732"} -index 0' command is executed.
17:58:53 INFO  : 'stop' command is executed.
17:58:53 INFO  : 'ps7_init' command is executed.
17:58:53 INFO  : 'ps7_post_config' command is executed.
17:58:54 INFO  : 'con' command is executed.
17:58:54 INFO  : Context for processor 'ps7_cortexa9_0' is selected.
17:58:54 INFO  : Processor reset is completed for 'ps7_cortexa9_0'.
17:58:54 INFO  : Context for processor 'ps7_cortexa9_0' is selected.
17:58:54 INFO  : The application '/nfs/home/sasl/eleves/ei-se/3300195/eise4_CoDesign/TP/zynq_interrupts/zynq_interrupts.sdk/interrupt_counter/Debug/interrupt_counter.elf' is downloaded to processor 'ps7_cortexa9_0'.
17:58:54 INFO  : ----------------XSDB Script----------------
connect -url tcp:127.0.0.1:3121
source /nfs/home/sasl/eleves/ei-se/3300195/eise4_CoDesign/TP/zynq_interrupts/zynq_interrupts.sdk/zynq_interrupt_system_wrapper_hw_platform_0/ps7_init.tcl
targets -set -filter {name =~"APU" && jtag_cable_name =~ "Digilent Zed 210248585732"} -index 0
loadhw /nfs/home/sasl/eleves/ei-se/3300195/eise4_CoDesign/TP/zynq_interrupts/zynq_interrupts.sdk/zynq_interrupt_system_wrapper_hw_platform_0/system.hdf
targets -set -filter {name =~"APU" && jtag_cable_name =~ "Digilent Zed 210248585732"} -index 0
stop
ps7_init
ps7_post_config
con
targets -set -nocase -filter {name =~ "ARM*#0" && jtag_cable_name =~ "Digilent Zed 210248585732"} -index 0
rst -processor
targets -set -nocase -filter {name =~ "ARM*#0" && jtag_cable_name =~ "Digilent Zed 210248585732"} -index 0
dow /nfs/home/sasl/eleves/ei-se/3300195/eise4_CoDesign/TP/zynq_interrupts/zynq_interrupts.sdk/interrupt_counter/Debug/interrupt_counter.elf
----------------End of Script----------------

17:58:54 INFO  : Memory regions updated for context APU
17:58:55 INFO  : Context for processor 'ps7_cortexa9_0' is selected.
17:58:55 INFO  : 'con' command is executed.
17:58:55 INFO  : ----------------XSDB Script (After Launch)----------------
targets -set -nocase -filter {name =~ "ARM*#0" && jtag_cable_name =~ "Digilent Zed 210248585732"} -index 0
con
----------------End of Script----------------

17:59:11 INFO  : Disconnected from the channel tcfchan#4.
17:59:12 INFO  : 'targets -set -filter {jtag_cable_name =~ "Digilent Zed 210248585732" && level==0} -index 1' command is executed.
17:59:12 INFO  : 'fpga -state' command is executed.
17:59:12 INFO  : Connected to target on host '127.0.0.1' and port '3121'.
17:59:12 INFO  : Sourcing of '/nfs/home/sasl/eleves/ei-se/3300195/eise4_CoDesign/TP/zynq_interrupts/zynq_interrupts.sdk/zynq_interrupt_system_wrapper_hw_platform_0/ps7_init.tcl' is done.
17:59:12 INFO  : 'targets -set -filter {name =~"APU" && jtag_cable_name =~ "Digilent Zed 210248585732"} -index 0' command is executed.
17:59:12 INFO  : Hardware design information is loaded from '/nfs/home/sasl/eleves/ei-se/3300195/eise4_CoDesign/TP/zynq_interrupts/zynq_interrupts.sdk/zynq_interrupt_system_wrapper_hw_platform_0/system.hdf'.
17:59:13 INFO  : 'targets -set -filter {name =~"APU" && jtag_cable_name =~ "Digilent Zed 210248585732"} -index 0' command is executed.
17:59:13 INFO  : 'stop' command is executed.
17:59:14 INFO  : 'ps7_init' command is executed.
17:59:14 INFO  : 'ps7_post_config' command is executed.
17:59:14 INFO  : 'con' command is executed.
17:59:14 INFO  : Context for processor 'ps7_cortexa9_0' is selected.
17:59:14 INFO  : Processor reset is completed for 'ps7_cortexa9_0'.
17:59:15 INFO  : Context for processor 'ps7_cortexa9_0' is selected.
17:59:15 INFO  : The application '/nfs/home/sasl/eleves/ei-se/3300195/eise4_CoDesign/TP/zynq_interrupts/zynq_interrupts.sdk/interrupt_counter/Debug/interrupt_counter.elf' is downloaded to processor 'ps7_cortexa9_0'.
17:59:15 INFO  : ----------------XSDB Script----------------
connect -url tcp:127.0.0.1:3121
source /nfs/home/sasl/eleves/ei-se/3300195/eise4_CoDesign/TP/zynq_interrupts/zynq_interrupts.sdk/zynq_interrupt_system_wrapper_hw_platform_0/ps7_init.tcl
targets -set -filter {name =~"APU" && jtag_cable_name =~ "Digilent Zed 210248585732"} -index 0
loadhw /nfs/home/sasl/eleves/ei-se/3300195/eise4_CoDesign/TP/zynq_interrupts/zynq_interrupts.sdk/zynq_interrupt_system_wrapper_hw_platform_0/system.hdf
targets -set -filter {name =~"APU" && jtag_cable_name =~ "Digilent Zed 210248585732"} -index 0
stop
ps7_init
ps7_post_config
con
targets -set -nocase -filter {name =~ "ARM*#0" && jtag_cable_name =~ "Digilent Zed 210248585732"} -index 0
rst -processor
targets -set -nocase -filter {name =~ "ARM*#0" && jtag_cable_name =~ "Digilent Zed 210248585732"} -index 0
dow /nfs/home/sasl/eleves/ei-se/3300195/eise4_CoDesign/TP/zynq_interrupts/zynq_interrupts.sdk/interrupt_counter/Debug/interrupt_counter.elf
----------------End of Script----------------

17:59:15 INFO  : Memory regions updated for context APU
17:59:15 INFO  : Context for processor 'ps7_cortexa9_0' is selected.
17:59:15 INFO  : 'con' command is executed.
17:59:15 INFO  : ----------------XSDB Script (After Launch)----------------
targets -set -nocase -filter {name =~ "ARM*#0" && jtag_cable_name =~ "Digilent Zed 210248585732"} -index 0
con
----------------End of Script----------------

17:59:33 INFO  : Disconnected from the channel tcfchan#5.
17:59:33 INFO  : 'targets -set -filter {jtag_cable_name =~ "Digilent Zed 210248585732" && level==0} -index 1' command is executed.
17:59:34 INFO  : 'fpga -state' command is executed.
17:59:34 INFO  : Connected to target on host '127.0.0.1' and port '3121'.
17:59:34 INFO  : Sourcing of '/nfs/home/sasl/eleves/ei-se/3300195/eise4_CoDesign/TP/zynq_interrupts/zynq_interrupts.sdk/zynq_interrupt_system_wrapper_hw_platform_0/ps7_init.tcl' is done.
17:59:34 INFO  : 'targets -set -filter {name =~"APU" && jtag_cable_name =~ "Digilent Zed 210248585732"} -index 0' command is executed.
17:59:34 INFO  : Hardware design information is loaded from '/nfs/home/sasl/eleves/ei-se/3300195/eise4_CoDesign/TP/zynq_interrupts/zynq_interrupts.sdk/zynq_interrupt_system_wrapper_hw_platform_0/system.hdf'.
17:59:35 INFO  : 'targets -set -filter {name =~"APU" && jtag_cable_name =~ "Digilent Zed 210248585732"} -index 0' command is executed.
17:59:35 INFO  : 'stop' command is executed.
17:59:35 INFO  : 'ps7_init' command is executed.
17:59:35 INFO  : 'ps7_post_config' command is executed.
17:59:36 INFO  : 'con' command is executed.
17:59:36 INFO  : Context for processor 'ps7_cortexa9_0' is selected.
17:59:36 INFO  : Processor reset is completed for 'ps7_cortexa9_0'.
17:59:36 INFO  : Context for processor 'ps7_cortexa9_0' is selected.
17:59:36 INFO  : The application '/nfs/home/sasl/eleves/ei-se/3300195/eise4_CoDesign/TP/zynq_interrupts/zynq_interrupts.sdk/interrupt_counter/Debug/interrupt_counter.elf' is downloaded to processor 'ps7_cortexa9_0'.
17:59:36 INFO  : ----------------XSDB Script----------------
connect -url tcp:127.0.0.1:3121
source /nfs/home/sasl/eleves/ei-se/3300195/eise4_CoDesign/TP/zynq_interrupts/zynq_interrupts.sdk/zynq_interrupt_system_wrapper_hw_platform_0/ps7_init.tcl
targets -set -filter {name =~"APU" && jtag_cable_name =~ "Digilent Zed 210248585732"} -index 0
loadhw /nfs/home/sasl/eleves/ei-se/3300195/eise4_CoDesign/TP/zynq_interrupts/zynq_interrupts.sdk/zynq_interrupt_system_wrapper_hw_platform_0/system.hdf
targets -set -filter {name =~"APU" && jtag_cable_name =~ "Digilent Zed 210248585732"} -index 0
stop
ps7_init
ps7_post_config
con
targets -set -nocase -filter {name =~ "ARM*#0" && jtag_cable_name =~ "Digilent Zed 210248585732"} -index 0
rst -processor
targets -set -nocase -filter {name =~ "ARM*#0" && jtag_cable_name =~ "Digilent Zed 210248585732"} -index 0
dow /nfs/home/sasl/eleves/ei-se/3300195/eise4_CoDesign/TP/zynq_interrupts/zynq_interrupts.sdk/interrupt_counter/Debug/interrupt_counter.elf
----------------End of Script----------------

17:59:36 INFO  : Memory regions updated for context APU
17:59:37 INFO  : Context for processor 'ps7_cortexa9_0' is selected.
17:59:37 INFO  : 'con' command is executed.
17:59:37 INFO  : ----------------XSDB Script (After Launch)----------------
targets -set -nocase -filter {name =~ "ARM*#0" && jtag_cable_name =~ "Digilent Zed 210248585732"} -index 0
con
----------------End of Script----------------

18:01:28 INFO  : Launching XSDB server: xsdb -n /opt/Xilinx/SDK/2015.4/scripts/xsdb/xsdb/xsdb-server.tcl
