
*** Running vivado
    with args -log zynq_interrupt_system_wrapper.vdi -applog -m64 -messageDb vivado.pb -mode batch -source zynq_interrupt_system_wrapper.tcl -notrace


****** Vivado v2015.4 (64-bit)
  **** SW Build 1412921 on Wed Nov 18 09:44:32 MST 2015
  **** IP Build 1412160 on Tue Nov 17 13:47:24 MST 2015
    ** Copyright 1986-2015 Xilinx, Inc. All Rights Reserved.

source zynq_interrupt_system_wrapper.tcl -notrace
Design is defaulting to srcset: sources_1
Design is defaulting to constrset: constrs_1
INFO: [Netlist 29-17] Analyzing 23 Unisim elements for replacement
INFO: [Netlist 29-28] Unisim Transformation completed in 0 CPU seconds
INFO: [Project 1-479] Netlist was created with Vivado 2015.4
INFO: [Device 21-403] Loading part xc7z020clg484-1
INFO: [Project 1-570] Preparing netlist for logic optimization
Parsing XDC File [/nfs/home/sasl/eleves/ei-se/3300195/eise4_CoDesign/TP/zynq_interrupts/zynq_interrupts.srcs/sources_1/bd/zynq_interrupt_system/ip/zynq_interrupt_system_processing_system7_0_0/zynq_interrupt_system_processing_system7_0_0.xdc] for cell 'zynq_interrupt_system_i/processing_system7_0/inst'
Finished Parsing XDC File [/nfs/home/sasl/eleves/ei-se/3300195/eise4_CoDesign/TP/zynq_interrupts/zynq_interrupts.srcs/sources_1/bd/zynq_interrupt_system/ip/zynq_interrupt_system_processing_system7_0_0/zynq_interrupt_system_processing_system7_0_0.xdc] for cell 'zynq_interrupt_system_i/processing_system7_0/inst'
Parsing XDC File [/nfs/home/sasl/eleves/ei-se/3300195/eise4_CoDesign/TP/zynq_interrupts/zynq_interrupts.srcs/sources_1/bd/zynq_interrupt_system/ip/zynq_interrupt_system_axi_gpio_0_0/zynq_interrupt_system_axi_gpio_0_0_board.xdc] for cell 'zynq_interrupt_system_i/axi_gpio_0/U0'
Finished Parsing XDC File [/nfs/home/sasl/eleves/ei-se/3300195/eise4_CoDesign/TP/zynq_interrupts/zynq_interrupts.srcs/sources_1/bd/zynq_interrupt_system/ip/zynq_interrupt_system_axi_gpio_0_0/zynq_interrupt_system_axi_gpio_0_0_board.xdc] for cell 'zynq_interrupt_system_i/axi_gpio_0/U0'
Parsing XDC File [/nfs/home/sasl/eleves/ei-se/3300195/eise4_CoDesign/TP/zynq_interrupts/zynq_interrupts.srcs/sources_1/bd/zynq_interrupt_system/ip/zynq_interrupt_system_axi_gpio_0_0/zynq_interrupt_system_axi_gpio_0_0.xdc] for cell 'zynq_interrupt_system_i/axi_gpio_0/U0'
Finished Parsing XDC File [/nfs/home/sasl/eleves/ei-se/3300195/eise4_CoDesign/TP/zynq_interrupts/zynq_interrupts.srcs/sources_1/bd/zynq_interrupt_system/ip/zynq_interrupt_system_axi_gpio_0_0/zynq_interrupt_system_axi_gpio_0_0.xdc] for cell 'zynq_interrupt_system_i/axi_gpio_0/U0'
Parsing XDC File [/nfs/home/sasl/eleves/ei-se/3300195/eise4_CoDesign/TP/zynq_interrupts/zynq_interrupts.srcs/sources_1/bd/zynq_interrupt_system/ip/zynq_interrupt_system_axi_gpio_1_0/zynq_interrupt_system_axi_gpio_1_0_board.xdc] for cell 'zynq_interrupt_system_i/axi_gpio_1/U0'
Finished Parsing XDC File [/nfs/home/sasl/eleves/ei-se/3300195/eise4_CoDesign/TP/zynq_interrupts/zynq_interrupts.srcs/sources_1/bd/zynq_interrupt_system/ip/zynq_interrupt_system_axi_gpio_1_0/zynq_interrupt_system_axi_gpio_1_0_board.xdc] for cell 'zynq_interrupt_system_i/axi_gpio_1/U0'
Parsing XDC File [/nfs/home/sasl/eleves/ei-se/3300195/eise4_CoDesign/TP/zynq_interrupts/zynq_interrupts.srcs/sources_1/bd/zynq_interrupt_system/ip/zynq_interrupt_system_axi_gpio_1_0/zynq_interrupt_system_axi_gpio_1_0.xdc] for cell 'zynq_interrupt_system_i/axi_gpio_1/U0'
Finished Parsing XDC File [/nfs/home/sasl/eleves/ei-se/3300195/eise4_CoDesign/TP/zynq_interrupts/zynq_interrupts.srcs/sources_1/bd/zynq_interrupt_system/ip/zynq_interrupt_system_axi_gpio_1_0/zynq_interrupt_system_axi_gpio_1_0.xdc] for cell 'zynq_interrupt_system_i/axi_gpio_1/U0'
Parsing XDC File [/nfs/home/sasl/eleves/ei-se/3300195/eise4_CoDesign/TP/zynq_interrupts/zynq_interrupts.srcs/sources_1/bd/zynq_interrupt_system/ip/zynq_interrupt_system_rst_processing_system7_0_100M_0/zynq_interrupt_system_rst_processing_system7_0_100M_0_board.xdc] for cell 'zynq_interrupt_system_i/rst_processing_system7_0_100M'
Finished Parsing XDC File [/nfs/home/sasl/eleves/ei-se/3300195/eise4_CoDesign/TP/zynq_interrupts/zynq_interrupts.srcs/sources_1/bd/zynq_interrupt_system/ip/zynq_interrupt_system_rst_processing_system7_0_100M_0/zynq_interrupt_system_rst_processing_system7_0_100M_0_board.xdc] for cell 'zynq_interrupt_system_i/rst_processing_system7_0_100M'
Parsing XDC File [/nfs/home/sasl/eleves/ei-se/3300195/eise4_CoDesign/TP/zynq_interrupts/zynq_interrupts.srcs/sources_1/bd/zynq_interrupt_system/ip/zynq_interrupt_system_rst_processing_system7_0_100M_0/zynq_interrupt_system_rst_processing_system7_0_100M_0.xdc] for cell 'zynq_interrupt_system_i/rst_processing_system7_0_100M'
Finished Parsing XDC File [/nfs/home/sasl/eleves/ei-se/3300195/eise4_CoDesign/TP/zynq_interrupts/zynq_interrupts.srcs/sources_1/bd/zynq_interrupt_system/ip/zynq_interrupt_system_rst_processing_system7_0_100M_0/zynq_interrupt_system_rst_processing_system7_0_100M_0.xdc] for cell 'zynq_interrupt_system_i/rst_processing_system7_0_100M'
INFO: [Opt 31-138] Pushed 0 inverter(s) to 0 load pin(s).
INFO: [Project 1-111] Unisim Transformation Summary:
No Unisim elements were transformed.

Command: opt_design
Attempting to get a license for feature 'Implementation' and/or device 'xc7z020'
INFO: [Common 17-349] Got license for feature 'Implementation' and/or device 'xc7z020'
Running DRC as a precondition to command opt_design

Starting DRC Task
INFO: [DRC 23-27] Running DRC with 8 threads
INFO: [Project 1-461] DRC finished with 0 Errors
INFO: [Project 1-462] Please refer to the DRC report (report_drc) for more information.

Time (s): cpu = 00:00:00.06 ; elapsed = 00:00:00.06 . Memory (MB): peak = 1313.711 ; gain = 66.031 ; free physical = 2994 ; free virtual = 6068
INFO: [Timing 38-35] Done setting XDC timing constraints.

Starting Logic Optimization Task
Implement Debug Cores | Checksum: 1a2b4fbfa

Phase 1 Retarget
INFO: [Opt 31-138] Pushed 0 inverter(s) to 0 load pin(s).
INFO: [Opt 31-49] Retargeted 0 cell(s).
Phase 1 Retarget | Checksum: 1a82657e4

Time (s): cpu = 00:00:00.14 ; elapsed = 00:00:00.11 . Memory (MB): peak = 1726.203 ; gain = 0.000 ; free physical = 2614 ; free virtual = 5687

Phase 2 Constant Propagation
INFO: [Opt 31-138] Pushed 0 inverter(s) to 0 load pin(s).
INFO: [Opt 31-10] Eliminated 177 cells.
Phase 2 Constant Propagation | Checksum: 25398e8c1

Time (s): cpu = 00:00:00.41 ; elapsed = 00:00:00.36 . Memory (MB): peak = 1726.203 ; gain = 0.000 ; free physical = 2613 ; free virtual = 5687

Phase 3 Sweep
INFO: [Opt 31-12] Eliminated 227 unconnected nets.
INFO: [Opt 31-11] Eliminated 205 unconnected cells.
Phase 3 Sweep | Checksum: 1b957a40b

Time (s): cpu = 00:00:00.65 ; elapsed = 00:00:00.59 . Memory (MB): peak = 1726.203 ; gain = 0.000 ; free physical = 2613 ; free virtual = 5687

Starting Connectivity Check Task

Time (s): cpu = 00:00:00 ; elapsed = 00:00:00 . Memory (MB): peak = 1726.203 ; gain = 0.000 ; free physical = 2613 ; free virtual = 5687
Ending Logic Optimization Task | Checksum: 1b957a40b

Time (s): cpu = 00:00:00.66 ; elapsed = 00:00:00.60 . Memory (MB): peak = 1726.203 ; gain = 0.000 ; free physical = 2613 ; free virtual = 5687

Starting Power Optimization Task
INFO: [Pwropt 34-132] Skipping clock gating for clocks with a period < 2.00 ns.
Ending Power Optimization Task | Checksum: 1b957a40b

Time (s): cpu = 00:00:00.01 ; elapsed = 00:00:00.01 . Memory (MB): peak = 1726.203 ; gain = 0.000 ; free physical = 2613 ; free virtual = 5687
INFO: [Common 17-83] Releasing license: Implementation
20 Infos, 0 Warnings, 0 Critical Warnings and 0 Errors encountered.
opt_design completed successfully
opt_design: Time (s): cpu = 00:00:07 ; elapsed = 00:00:07 . Memory (MB): peak = 1726.203 ; gain = 487.527 ; free physical = 2613 ; free virtual = 5687
Writing placer database...
Writing XDEF routing.
Writing XDEF routing logical nets.
Writing XDEF routing special nets.
Write XDEF Complete: Time (s): cpu = 00:00:00.43 ; elapsed = 00:00:00.20 . Memory (MB): peak = 1758.219 ; gain = 0.000 ; free physical = 2610 ; free virtual = 5685
INFO: [DRC 23-27] Running DRC with 8 threads
INFO: [Coretcl 2-168] The results of DRC are in file /nfs/home/sasl/eleves/ei-se/3300195/eise4_CoDesign/TP/zynq_interrupts/zynq_interrupts.runs/impl_1/zynq_interrupt_system_wrapper_drc_opted.rpt.
Command: place_design
Attempting to get a license for feature 'Implementation' and/or device 'xc7z020'
INFO: [Common 17-349] Got license for feature 'Implementation' and/or device 'xc7z020'
INFO: [DRC 23-27] Running DRC with 8 threads
INFO: [Vivado_Tcl 4-198] DRC finished with 0 Errors
INFO: [Vivado_Tcl 4-199] Please refer to the DRC report (report_drc) for more information.
Running DRC as a precondition to command place_design
INFO: [DRC 23-27] Running DRC with 8 threads
INFO: [Vivado_Tcl 4-198] DRC finished with 0 Errors
INFO: [Vivado_Tcl 4-199] Please refer to the DRC report (report_drc) for more information.

Starting Placer Task
INFO: [Place 30-611] Multithreading enabled for place_design using a maximum of 8 CPUs

Phase 1 Placer Initialization
Netlist sorting complete. Time (s): cpu = 00:00:00 ; elapsed = 00:00:00 . Memory (MB): peak = 1790.234 ; gain = 0.000 ; free physical = 2608 ; free virtual = 5682
Netlist sorting complete. Time (s): cpu = 00:00:00 ; elapsed = 00:00:00 . Memory (MB): peak = 1790.234 ; gain = 0.000 ; free physical = 2608 ; free virtual = 5682

Phase 1.1 IO Placement/ Clock Placement/ Build Placer Device

Phase 1.1.1 Pre-Place Cells
Phase 1.1.1 Pre-Place Cells | Checksum: e6a13883

Time (s): cpu = 00:00:00.03 ; elapsed = 00:00:00.03 . Memory (MB): peak = 1790.234 ; gain = 0.000 ; free physical = 2608 ; free virtual = 5682
WARNING: [Place 30-12] An IO Bus FIXED_IO_mio with more than one IO standard is found. Components associated with this bus are: 
	FIXED_IO_mio[53] of IOStandard LVCMOS18
	FIXED_IO_mio[52] of IOStandard LVCMOS18
	FIXED_IO_mio[51] of IOStandard LVCMOS18
	FIXED_IO_mio[50] of IOStandard LVCMOS18
	FIXED_IO_mio[49] of IOStandard LVCMOS18
	FIXED_IO_mio[48] of IOStandard LVCMOS18
	FIXED_IO_mio[47] of IOStandard LVCMOS18
	FIXED_IO_mio[46] of IOStandard LVCMOS18
	FIXED_IO_mio[45] of IOStandard LVCMOS18
	FIXED_IO_mio[44] of IOStandard LVCMOS18
	FIXED_IO_mio[43] of IOStandard LVCMOS18
	FIXED_IO_mio[42] of IOStandard LVCMOS18
	FIXED_IO_mio[41] of IOStandard LVCMOS18
	FIXED_IO_mio[40] of IOStandard LVCMOS18
	FIXED_IO_mio[39] of IOStandard LVCMOS18
	FIXED_IO_mio[38] of IOStandard LVCMOS18
	FIXED_IO_mio[37] of IOStandard LVCMOS18
	FIXED_IO_mio[36] of IOStandard LVCMOS18
	FIXED_IO_mio[35] of IOStandard LVCMOS18
	FIXED_IO_mio[34] of IOStandard LVCMOS18
	FIXED_IO_mio[33] of IOStandard LVCMOS18
	FIXED_IO_mio[32] of IOStandard LVCMOS18
	FIXED_IO_mio[31] of IOStandard LVCMOS18
	FIXED_IO_mio[30] of IOStandard LVCMOS18
	FIXED_IO_mio[29] of IOStandard LVCMOS18
	FIXED_IO_mio[28] of IOStandard LVCMOS18
	FIXED_IO_mio[27] of IOStandard LVCMOS18
	FIXED_IO_mio[26] of IOStandard LVCMOS18
	FIXED_IO_mio[25] of IOStandard LVCMOS18
	FIXED_IO_mio[24] of IOStandard LVCMOS18
	FIXED_IO_mio[23] of IOStandard LVCMOS18
	FIXED_IO_mio[22] of IOStandard LVCMOS18
	FIXED_IO_mio[21] of IOStandard LVCMOS18
	FIXED_IO_mio[20] of IOStandard LVCMOS18
	FIXED_IO_mio[19] of IOStandard LVCMOS18
	FIXED_IO_mio[18] of IOStandard LVCMOS18
	FIXED_IO_mio[17] of IOStandard LVCMOS18
	FIXED_IO_mio[16] of IOStandard LVCMOS18
	FIXED_IO_mio[15] of IOStandard LVCMOS33
	FIXED_IO_mio[14] of IOStandard LVCMOS33
	FIXED_IO_mio[13] of IOStandard LVCMOS33
	FIXED_IO_mio[12] of IOStandard LVCMOS33
	FIXED_IO_mio[11] of IOStandard LVCMOS33
	FIXED_IO_mio[10] of IOStandard LVCMOS33
	FIXED_IO_mio[9] of IOStandard LVCMOS33
	FIXED_IO_mio[8] of IOStandard LVCMOS33
	FIXED_IO_mio[7] of IOStandard LVCMOS33
	FIXED_IO_mio[6] of IOStandard LVCMOS33
	FIXED_IO_mio[5] of IOStandard LVCMOS33
	FIXED_IO_mio[4] of IOStandard LVCMOS33
	FIXED_IO_mio[3] of IOStandard LVCMOS33
	FIXED_IO_mio[2] of IOStandard LVCMOS33
	FIXED_IO_mio[1] of IOStandard LVCMOS33
	FIXED_IO_mio[0] of IOStandard LVCMOS33
INFO: [Timing 38-35] Done setting XDC timing constraints.

Phase 1.1.2 IO and Clk Clean Up
Phase 1.1.2 IO and Clk Clean Up | Checksum: e6a13883

Time (s): cpu = 00:00:00.75 ; elapsed = 00:00:00.85 . Memory (MB): peak = 1806.242 ; gain = 16.008 ; free physical = 2607 ; free virtual = 5682

Phase 1.1.3 Implementation Feasibility check On IDelay
Phase 1.1.3 Implementation Feasibility check On IDelay | Checksum: e6a13883

Time (s): cpu = 00:00:00.76 ; elapsed = 00:00:00.86 . Memory (MB): peak = 1806.242 ; gain = 16.008 ; free physical = 2607 ; free virtual = 5682

Phase 1.1.4 Commit IO Placement
Phase 1.1.4 Commit IO Placement | Checksum: 455ba2c7

Time (s): cpu = 00:00:00.76 ; elapsed = 00:00:00.86 . Memory (MB): peak = 1806.242 ; gain = 16.008 ; free physical = 2607 ; free virtual = 5682
Phase 1.1 IO Placement/ Clock Placement/ Build Placer Device | Checksum: efdafcd0

Time (s): cpu = 00:00:00.76 ; elapsed = 00:00:00.86 . Memory (MB): peak = 1806.242 ; gain = 16.008 ; free physical = 2607 ; free virtual = 5682

Phase 1.2 Build Placer Netlist Model

Phase 1.2.1 Place Init Design

Phase 1.2.1.1 Init Lut Pin Assignment
Phase 1.2.1.1 Init Lut Pin Assignment | Checksum: 1b45f830d

Time (s): cpu = 00:00:00.87 ; elapsed = 00:00:00.92 . Memory (MB): peak = 1806.242 ; gain = 16.008 ; free physical = 2607 ; free virtual = 5682
Phase 1.2.1 Place Init Design | Checksum: 1dfd72f79

Time (s): cpu = 00:00:01 ; elapsed = 00:00:01 . Memory (MB): peak = 1806.262 ; gain = 16.027 ; free physical = 2607 ; free virtual = 5681
Phase 1.2 Build Placer Netlist Model | Checksum: 1dfd72f79

Time (s): cpu = 00:00:01 ; elapsed = 00:00:01 . Memory (MB): peak = 1806.262 ; gain = 16.027 ; free physical = 2607 ; free virtual = 5681

Phase 1.3 Constrain Clocks/Macros

Phase 1.3.1 Constrain Global/Regional Clocks
Phase 1.3.1 Constrain Global/Regional Clocks | Checksum: 1dfd72f79

Time (s): cpu = 00:00:01 ; elapsed = 00:00:01 . Memory (MB): peak = 1806.262 ; gain = 16.027 ; free physical = 2607 ; free virtual = 5681
Phase 1.3 Constrain Clocks/Macros | Checksum: 1dfd72f79

Time (s): cpu = 00:00:01 ; elapsed = 00:00:01 . Memory (MB): peak = 1806.262 ; gain = 16.027 ; free physical = 2607 ; free virtual = 5681
Phase 1 Placer Initialization | Checksum: 1dfd72f79

Time (s): cpu = 00:00:01 ; elapsed = 00:00:01 . Memory (MB): peak = 1806.262 ; gain = 16.027 ; free physical = 2607 ; free virtual = 5681

Phase 2 Global Placement
Phase 2 Global Placement | Checksum: 1f0874111

Time (s): cpu = 00:00:04 ; elapsed = 00:00:02 . Memory (MB): peak = 1862.289 ; gain = 72.055 ; free physical = 2598 ; free virtual = 5673

Phase 3 Detail Placement

Phase 3.1 Commit Multi Column Macros
Phase 3.1 Commit Multi Column Macros | Checksum: 1f0874111

Time (s): cpu = 00:00:04 ; elapsed = 00:00:02 . Memory (MB): peak = 1862.289 ; gain = 72.055 ; free physical = 2599 ; free virtual = 5673

Phase 3.2 Commit Most Macros & LUTRAMs
Phase 3.2 Commit Most Macros & LUTRAMs | Checksum: 1587da38d

Time (s): cpu = 00:00:05 ; elapsed = 00:00:02 . Memory (MB): peak = 1862.289 ; gain = 72.055 ; free physical = 2598 ; free virtual = 5672

Phase 3.3 Area Swap Optimization
Phase 3.3 Area Swap Optimization | Checksum: 1c8d8c4a7

Time (s): cpu = 00:00:05 ; elapsed = 00:00:02 . Memory (MB): peak = 1862.289 ; gain = 72.055 ; free physical = 2598 ; free virtual = 5672

Phase 3.4 updateClock Trees: DP
Phase 3.4 updateClock Trees: DP | Checksum: 1c8d8c4a7

Time (s): cpu = 00:00:05 ; elapsed = 00:00:02 . Memory (MB): peak = 1862.289 ; gain = 72.055 ; free physical = 2598 ; free virtual = 5672

Phase 3.5 Timing Path Optimizer
Phase 3.5 Timing Path Optimizer | Checksum: 1334be07d

Time (s): cpu = 00:00:05 ; elapsed = 00:00:02 . Memory (MB): peak = 1862.289 ; gain = 72.055 ; free physical = 2598 ; free virtual = 5672

Phase 3.6 Fast Optimization
Phase 3.6 Fast Optimization | Checksum: 1334be07d

Time (s): cpu = 00:00:05 ; elapsed = 00:00:02 . Memory (MB): peak = 1862.289 ; gain = 72.055 ; free physical = 2598 ; free virtual = 5672

Phase 3.7 Small Shape Detail Placement

Phase 3.7.1 Commit Small Macros and Core Logic

Phase 3.7.1.1 Commit Slice Clusters
Phase 3.7.1.1 Commit Slice Clusters | Checksum: 1c9e689fc

Time (s): cpu = 00:00:05 ; elapsed = 00:00:02 . Memory (MB): peak = 1862.289 ; gain = 72.055 ; free physical = 2595 ; free virtual = 5669
Phase 3.7.1 Commit Small Macros and Core Logic | Checksum: 1c9e689fc

Time (s): cpu = 00:00:05 ; elapsed = 00:00:02 . Memory (MB): peak = 1862.289 ; gain = 72.055 ; free physical = 2595 ; free virtual = 5669

Phase 3.7.2 Clock Restriction Legalization for Leaf Columns
Phase 3.7.2 Clock Restriction Legalization for Leaf Columns | Checksum: 1c9e689fc

Time (s): cpu = 00:00:05 ; elapsed = 00:00:02 . Memory (MB): peak = 1862.289 ; gain = 72.055 ; free physical = 2596 ; free virtual = 5670

Phase 3.7.3 Clock Restriction Legalization for Non-Clock Pins
Phase 3.7.3 Clock Restriction Legalization for Non-Clock Pins | Checksum: 1c9e689fc

Time (s): cpu = 00:00:05 ; elapsed = 00:00:02 . Memory (MB): peak = 1862.289 ; gain = 72.055 ; free physical = 2596 ; free virtual = 5670
Phase 3.7 Small Shape Detail Placement | Checksum: 1c9e689fc

Time (s): cpu = 00:00:05 ; elapsed = 00:00:02 . Memory (MB): peak = 1862.289 ; gain = 72.055 ; free physical = 2596 ; free virtual = 5670

Phase 3.8 Re-assign LUT pins
Phase 3.8 Re-assign LUT pins | Checksum: 163f72a53

Time (s): cpu = 00:00:05 ; elapsed = 00:00:02 . Memory (MB): peak = 1862.289 ; gain = 72.055 ; free physical = 2596 ; free virtual = 5670
Phase 3 Detail Placement | Checksum: 163f72a53

Time (s): cpu = 00:00:05 ; elapsed = 00:00:02 . Memory (MB): peak = 1862.289 ; gain = 72.055 ; free physical = 2596 ; free virtual = 5670

Phase 4 Post Placement Optimization and Clean-Up

Phase 4.1 Post Commit Optimization

Phase 4.1.1 callUpdateTimingBeforePCO
Phase 4.1.1 callUpdateTimingBeforePCO | Checksum: 1c892c548

Time (s): cpu = 00:00:06 ; elapsed = 00:00:03 . Memory (MB): peak = 1862.289 ; gain = 72.055 ; free physical = 2596 ; free virtual = 5670

Phase 4.1.2 updateClock Trees: PCOPT
Phase 4.1.2 updateClock Trees: PCOPT | Checksum: 1c892c548

Time (s): cpu = 00:00:06 ; elapsed = 00:00:03 . Memory (MB): peak = 1862.289 ; gain = 72.055 ; free physical = 2596 ; free virtual = 5670

Phase 4.1.3 Post Placement Optimization

Phase 4.1.3.1 PCOPT Shape updates

Phase 4.1.3.1.1 removeOptionalFFsFromShapes
Phase 4.1.3.1.1 removeOptionalFFsFromShapes | Checksum: 1c892c548

Time (s): cpu = 00:00:06 ; elapsed = 00:00:03 . Memory (MB): peak = 1862.289 ; gain = 72.055 ; free physical = 2596 ; free virtual = 5670

Phase 4.1.3.1.2 deleteLutnmShapes

Phase 4.1.3.1.2.1 deleteShapes
Phase 4.1.3.1.2.1 deleteShapes | Checksum: a65db5c3

Time (s): cpu = 00:00:06 ; elapsed = 00:00:03 . Memory (MB): peak = 1862.289 ; gain = 72.055 ; free physical = 2596 ; free virtual = 5670
Phase 4.1.3.1.2 deleteLutnmShapes | Checksum: a65db5c3

Time (s): cpu = 00:00:06 ; elapsed = 00:00:03 . Memory (MB): peak = 1862.289 ; gain = 72.055 ; free physical = 2596 ; free virtual = 5670
Phase 4.1.3.1 PCOPT Shape updates | Checksum: a65db5c3

Time (s): cpu = 00:00:06 ; elapsed = 00:00:03 . Memory (MB): peak = 1862.289 ; gain = 72.055 ; free physical = 2596 ; free virtual = 5670

Phase 4.1.3.2 Post Placement Timing Optimization
INFO: [Place 30-746] Post Placement Timing Summary WNS=3.688. For the most accurate timing information please run report_timing.
Phase 4.1.3.2 Post Placement Timing Optimization | Checksum: cfdd0fa0

Time (s): cpu = 00:00:06 ; elapsed = 00:00:03 . Memory (MB): peak = 1862.289 ; gain = 72.055 ; free physical = 2596 ; free virtual = 5670
Phase 4.1.3 Post Placement Optimization | Checksum: cfdd0fa0

Time (s): cpu = 00:00:06 ; elapsed = 00:00:03 . Memory (MB): peak = 1862.289 ; gain = 72.055 ; free physical = 2596 ; free virtual = 5670
Phase 4.1 Post Commit Optimization | Checksum: cfdd0fa0

Time (s): cpu = 00:00:06 ; elapsed = 00:00:03 . Memory (MB): peak = 1862.289 ; gain = 72.055 ; free physical = 2596 ; free virtual = 5670

Phase 4.2 Sweep Clock Roots: Post-Placement
Phase 4.2 Sweep Clock Roots: Post-Placement | Checksum: cfdd0fa0

Time (s): cpu = 00:00:06 ; elapsed = 00:00:03 . Memory (MB): peak = 1862.289 ; gain = 72.055 ; free physical = 2596 ; free virtual = 5670

Phase 4.3 Post Placement Cleanup
Phase 4.3 Post Placement Cleanup | Checksum: cfdd0fa0

Time (s): cpu = 00:00:06 ; elapsed = 00:00:03 . Memory (MB): peak = 1862.289 ; gain = 72.055 ; free physical = 2596 ; free virtual = 5670

Phase 4.4 Placer Reporting

Phase 4.4.1 Restore STA
Phase 4.4.1 Restore STA | Checksum: cfdd0fa0

Time (s): cpu = 00:00:06 ; elapsed = 00:00:03 . Memory (MB): peak = 1862.289 ; gain = 72.055 ; free physical = 2596 ; free virtual = 5670
Phase 4.4 Placer Reporting | Checksum: cfdd0fa0

Time (s): cpu = 00:00:06 ; elapsed = 00:00:03 . Memory (MB): peak = 1862.289 ; gain = 72.055 ; free physical = 2596 ; free virtual = 5670

Phase 4.5 Final Placement Cleanup
Phase 4.5 Final Placement Cleanup | Checksum: 13d7d8baa

Time (s): cpu = 00:00:06 ; elapsed = 00:00:03 . Memory (MB): peak = 1862.289 ; gain = 72.055 ; free physical = 2596 ; free virtual = 5670
Phase 4 Post Placement Optimization and Clean-Up | Checksum: 13d7d8baa

Time (s): cpu = 00:00:06 ; elapsed = 00:00:03 . Memory (MB): peak = 1862.289 ; gain = 72.055 ; free physical = 2596 ; free virtual = 5670
Ending Placer Task | Checksum: cc3079a5

Time (s): cpu = 00:00:06 ; elapsed = 00:00:03 . Memory (MB): peak = 1862.289 ; gain = 72.055 ; free physical = 2596 ; free virtual = 5670
INFO: [Common 17-83] Releasing license: Implementation
33 Infos, 1 Warnings, 0 Critical Warnings and 0 Errors encountered.
place_design completed successfully
Writing placer database...
Writing XDEF routing.
Writing XDEF routing logical nets.
Writing XDEF routing special nets.
Write XDEF Complete: Time (s): cpu = 00:00:00.58 ; elapsed = 00:00:00.44 . Memory (MB): peak = 1862.289 ; gain = 0.000 ; free physical = 2592 ; free virtual = 5671
report_io: Time (s): cpu = 00:00:00.11 ; elapsed = 00:00:00.16 . Memory (MB): peak = 1862.289 ; gain = 0.000 ; free physical = 2591 ; free virtual = 5666
report_utilization: Time (s): cpu = 00:00:00.07 ; elapsed = 00:00:00.10 . Memory (MB): peak = 1862.289 ; gain = 0.000 ; free physical = 2590 ; free virtual = 5665
report_control_sets: Time (s): cpu = 00:00:00.05 ; elapsed = 00:00:00.08 . Memory (MB): peak = 1862.289 ; gain = 0.000 ; free physical = 2590 ; free virtual = 5664
Command: route_design
Attempting to get a license for feature 'Implementation' and/or device 'xc7z020'
INFO: [Common 17-349] Got license for feature 'Implementation' and/or device 'xc7z020'
Running DRC as a precondition to command route_design
INFO: [DRC 23-27] Running DRC with 8 threads
WARNING: [DRC 23-20] Rule violation (PLIO-7) Placement Constraints Check for IO constraints - An IO Bus FIXED_IO_mio[53:0] with more than one IO standard is found. Components associated with this bus are: LVCMOS18 (FIXED_IO_mio[53], FIXED_IO_mio[52], FIXED_IO_mio[51], FIXED_IO_mio[50], FIXED_IO_mio[49], FIXED_IO_mio[48], FIXED_IO_mio[47], FIXED_IO_mio[46], FIXED_IO_mio[45], FIXED_IO_mio[44], FIXED_IO_mio[43], FIXED_IO_mio[42], FIXED_IO_mio[41], FIXED_IO_mio[40], FIXED_IO_mio[39] (the first 15 of 38 listed)); LVCMOS33 (FIXED_IO_mio[15], FIXED_IO_mio[14], FIXED_IO_mio[13], FIXED_IO_mio[12], FIXED_IO_mio[11], FIXED_IO_mio[10], FIXED_IO_mio[9], FIXED_IO_mio[8], FIXED_IO_mio[7], FIXED_IO_mio[6], FIXED_IO_mio[5], FIXED_IO_mio[4], FIXED_IO_mio[3], FIXED_IO_mio[2], FIXED_IO_mio[1] (the first 15 of 16 listed)); 
INFO: [Vivado_Tcl 4-198] DRC finished with 0 Errors, 1 Warnings
INFO: [Vivado_Tcl 4-199] Please refer to the DRC report (report_drc) for more information.


Starting Routing Task
INFO: [Route 35-254] Multithreading enabled for route_design using a maximum of 8 CPUs
Checksum: PlaceDB: 1c0c19ee ConstDB: 0 ShapeSum: b0245fb7 RouteDB: 0

Phase 1 Build RT Design
Phase 1 Build RT Design | Checksum: 1a0459f09

Time (s): cpu = 00:00:14 ; elapsed = 00:00:11 . Memory (MB): peak = 1893.934 ; gain = 31.645 ; free physical = 2512 ; free virtual = 5562

Phase 2 Router Initialization

Phase 2.1 Create Timer
Phase 2.1 Create Timer | Checksum: 1a0459f09

Time (s): cpu = 00:00:14 ; elapsed = 00:00:11 . Memory (MB): peak = 1893.934 ; gain = 31.645 ; free physical = 2510 ; free virtual = 5560

Phase 2.2 Pre Route Cleanup
Phase 2.2 Pre Route Cleanup | Checksum: 1a0459f09

Time (s): cpu = 00:00:14 ; elapsed = 00:00:11 . Memory (MB): peak = 1903.922 ; gain = 41.633 ; free physical = 2481 ; free virtual = 5531
 Number of Nodes with overlaps = 0

Phase 2.3 Update Timing
Phase 2.3 Update Timing | Checksum: 193f6fdcf

Time (s): cpu = 00:00:15 ; elapsed = 00:00:11 . Memory (MB): peak = 1929.977 ; gain = 67.688 ; free physical = 2454 ; free virtual = 5504
INFO: [Route 35-416] Intermediate Timing Summary | WNS=3.694  | TNS=0.000  | WHS=-0.140 | THS=-18.095|

Phase 2 Router Initialization | Checksum: 104faf48a

Time (s): cpu = 00:00:15 ; elapsed = 00:00:11 . Memory (MB): peak = 1929.977 ; gain = 67.688 ; free physical = 2454 ; free virtual = 5504

Phase 3 Initial Routing
Phase 3 Initial Routing | Checksum: 16bed3289

Time (s): cpu = 00:00:16 ; elapsed = 00:00:12 . Memory (MB): peak = 1929.977 ; gain = 67.688 ; free physical = 2454 ; free virtual = 5504

Phase 4 Rip-up And Reroute

Phase 4.1 Global Iteration 0
 Number of Nodes with overlaps = 119
 Number of Nodes with overlaps = 1
 Number of Nodes with overlaps = 0

Phase 4.1.1 Update Timing
Phase 4.1.1 Update Timing | Checksum: 18f89df11

Time (s): cpu = 00:00:17 ; elapsed = 00:00:12 . Memory (MB): peak = 1929.977 ; gain = 67.688 ; free physical = 2454 ; free virtual = 5504
INFO: [Route 35-416] Intermediate Timing Summary | WNS=3.327  | TNS=0.000  | WHS=N/A    | THS=N/A    |

Phase 4.1 Global Iteration 0 | Checksum: 13bc4011f

Time (s): cpu = 00:00:17 ; elapsed = 00:00:12 . Memory (MB): peak = 1929.977 ; gain = 67.688 ; free physical = 2454 ; free virtual = 5504

Phase 4.2 Global Iteration 1
 Number of Nodes with overlaps = 0

Phase 4.2.1 Update Timing
Phase 4.2.1 Update Timing | Checksum: 20b8497f5

Time (s): cpu = 00:00:17 ; elapsed = 00:00:12 . Memory (MB): peak = 1929.977 ; gain = 67.688 ; free physical = 2454 ; free virtual = 5504
INFO: [Route 35-416] Intermediate Timing Summary | WNS=3.327  | TNS=0.000  | WHS=N/A    | THS=N/A    |

Phase 4.2 Global Iteration 1 | Checksum: 1889ead7c

Time (s): cpu = 00:00:17 ; elapsed = 00:00:12 . Memory (MB): peak = 1929.977 ; gain = 67.688 ; free physical = 2454 ; free virtual = 5504
Phase 4 Rip-up And Reroute | Checksum: 1889ead7c

Time (s): cpu = 00:00:17 ; elapsed = 00:00:12 . Memory (MB): peak = 1929.977 ; gain = 67.688 ; free physical = 2454 ; free virtual = 5504

Phase 5 Delay and Skew Optimization

Phase 5.1 Delay CleanUp

Phase 5.1.1 Update Timing
Phase 5.1.1 Update Timing | Checksum: 160dc5e92

Time (s): cpu = 00:00:17 ; elapsed = 00:00:12 . Memory (MB): peak = 1929.977 ; gain = 67.688 ; free physical = 2454 ; free virtual = 5504
INFO: [Route 35-416] Intermediate Timing Summary | WNS=3.476  | TNS=0.000  | WHS=N/A    | THS=N/A    |

Phase 5.1 Delay CleanUp | Checksum: 160dc5e92

Time (s): cpu = 00:00:17 ; elapsed = 00:00:12 . Memory (MB): peak = 1929.977 ; gain = 67.688 ; free physical = 2454 ; free virtual = 5504

Phase 5.2 Clock Skew Optimization
Phase 5.2 Clock Skew Optimization | Checksum: 160dc5e92

Time (s): cpu = 00:00:17 ; elapsed = 00:00:12 . Memory (MB): peak = 1929.977 ; gain = 67.688 ; free physical = 2454 ; free virtual = 5504
Phase 5 Delay and Skew Optimization | Checksum: 160dc5e92

Time (s): cpu = 00:00:17 ; elapsed = 00:00:12 . Memory (MB): peak = 1929.977 ; gain = 67.688 ; free physical = 2454 ; free virtual = 5504

Phase 6 Post Hold Fix

Phase 6.1 Update Timing
Phase 6.1 Update Timing | Checksum: 21664c52f

Time (s): cpu = 00:00:17 ; elapsed = 00:00:12 . Memory (MB): peak = 1929.977 ; gain = 67.688 ; free physical = 2454 ; free virtual = 5504
INFO: [Route 35-416] Intermediate Timing Summary | WNS=3.476  | TNS=0.000  | WHS=0.069  | THS=0.000  |

Phase 6 Post Hold Fix | Checksum: 1bcc520ca

Time (s): cpu = 00:00:17 ; elapsed = 00:00:12 . Memory (MB): peak = 1929.977 ; gain = 67.688 ; free physical = 2454 ; free virtual = 5504

Phase 7 Route finalize

Router Utilization Summary
  Global Vertical Routing Utilization    = 0.185668 %
  Global Horizontal Routing Utilization  = 0.257776 %
  Routable Net Status*
  *Does not include unroutable nets such as driverless and loadless.
  Run report_route_status for detailed report.
  Number of Failed Nets               = 0
  Number of Unrouted Nets             = 0
  Number of Partially Routed Nets     = 0
  Number of Node Overlaps             = 0

Phase 7 Route finalize | Checksum: 22e72d361

Time (s): cpu = 00:00:17 ; elapsed = 00:00:12 . Memory (MB): peak = 1929.977 ; gain = 67.688 ; free physical = 2454 ; free virtual = 5504

Phase 8 Verifying routed nets

 Verification completed successfully
Phase 8 Verifying routed nets | Checksum: 22e72d361

Time (s): cpu = 00:00:17 ; elapsed = 00:00:12 . Memory (MB): peak = 1929.977 ; gain = 67.688 ; free physical = 2454 ; free virtual = 5504

Phase 9 Depositing Routes
Phase 9 Depositing Routes | Checksum: 18ffeb0bd

Time (s): cpu = 00:00:17 ; elapsed = 00:00:12 . Memory (MB): peak = 1929.977 ; gain = 67.688 ; free physical = 2454 ; free virtual = 5504

Phase 10 Post Router Timing
INFO: [Route 35-57] Estimated Timing Summary | WNS=3.476  | TNS=0.000  | WHS=0.069  | THS=0.000  |

INFO: [Route 35-327] The final timing numbers are based on the router estimated timing analysis. For a complete and accurate timing signoff, please run report_timing_summary.
Phase 10 Post Router Timing | Checksum: 18ffeb0bd

Time (s): cpu = 00:00:17 ; elapsed = 00:00:12 . Memory (MB): peak = 1929.977 ; gain = 67.688 ; free physical = 2454 ; free virtual = 5504
INFO: [Route 35-16] Router Completed Successfully

Time (s): cpu = 00:00:17 ; elapsed = 00:00:12 . Memory (MB): peak = 1929.977 ; gain = 67.688 ; free physical = 2454 ; free virtual = 5504

Routing Is Done.
INFO: [Common 17-83] Releasing license: Implementation
47 Infos, 2 Warnings, 0 Critical Warnings and 0 Errors encountered.
route_design completed successfully
route_design: Time (s): cpu = 00:00:18 ; elapsed = 00:00:12 . Memory (MB): peak = 1929.977 ; gain = 67.688 ; free physical = 2454 ; free virtual = 5504
Writing placer database...
Writing XDEF routing.
Writing XDEF routing logical nets.
Writing XDEF routing special nets.
Write XDEF Complete: Time (s): cpu = 00:00:00.60 ; elapsed = 00:00:00.49 . Memory (MB): peak = 1929.977 ; gain = 0.000 ; free physical = 2450 ; free virtual = 5505
INFO: [DRC 23-27] Running DRC with 8 threads
INFO: [Coretcl 2-168] The results of DRC are in file /nfs/home/sasl/eleves/ei-se/3300195/eise4_CoDesign/TP/zynq_interrupts/zynq_interrupts.runs/impl_1/zynq_interrupt_system_wrapper_drc_routed.rpt.
INFO: [Timing 38-91] UpdateTimingParams: Speed grade: -1, Delay Type: min_max.
INFO: [Timing 38-191] Multithreading enabled for timing update using a maximum of 8 CPUs
Running Vector-less Activity Propagation...

Finished Running Vector-less Activity Propagation
Attempting to get a license for feature 'Implementation' and/or device 'xc7z020'
INFO: [Common 17-349] Got license for feature 'Implementation' and/or device 'xc7z020'
Running DRC as a precondition to command write_bitstream
INFO: [DRC 23-27] Running DRC with 8 threads
INFO: [Vivado 12-3199] DRC finished with 0 Errors
INFO: [Vivado 12-3200] Please refer to the DRC report (report_drc) for more information.
Loading data files...
Loading site data...
Loading route data...
Processing options...
Creating bitmap...
Creating bitstream...
Writing bitstream ./zynq_interrupt_system_wrapper.bit...
INFO: [Vivado 12-1842] Bitgen Completed Successfully.
INFO: [Common 17-83] Releasing license: Implementation
write_bitstream: Time (s): cpu = 00:00:12 ; elapsed = 00:00:12 . Memory (MB): peak = 2215.422 ; gain = 197.375 ; free physical = 2153 ; free virtual = 5209
INFO: [Common 17-206] Exiting Vivado at Mon Oct 24 17:46:39 2016...
